Species_name	Phase	O	H	C
R0	Gas	1	2	1
R1	Gas	2	4	2
R2	Gas	3	6	3
R3	Gas	4	8	4
R4	Gas	4	8	4
R5	Gas	5	10	5
R6	Gas	5	10	5
R7	Gas	6	12	6
R8	Gas	6	12	6
R9	Gas	6	12	6
R10	Gas	7	14	7
R11	Gas	7	14	7
R12	Gas	8	16	8
R13	Gas	3	6	3
R14	Gas	4	8	4
R15	Gas	5	10	5
R16	Gas	5	10	5
R17	Gas	6	12	6
R18	Gas	7	14	7
R19	Gas	7	14	7
R20	Gas	8	16	8
R21	Gas	8	16	8
R22	Gas	8	16	8
R23	Gas	9	18	9
R24	Gas	9	18	9
R25	Gas	10	20	10
R26	Gas	5	10	5
R27	Gas	5	10	5
R28	Gas	6	12	6
R29	Gas	6	12	6
R30	Gas	6	12	6
R31	Gas	7	14	7
R32	Gas	8	16	8
R33	Gas	8	16	8
R34	Gas	8	16	8
R35	Gas	9	18	9
R36	Gas	9	18	9
R37	Gas	9	18	9
R38	Gas	9	18	9
R39	Gas	10	20	10
R40	Gas	10	20	10
R41	Gas	6	12	6
R42	Gas	6	12	6
R43	Gas	7	14	7
R44	Gas	7	14	7
R45	Gas	7	14	7
R46	Gas	8	16	8
R47	Gas	9	18	9
R48	Gas	9	18	9
R49	Gas	10	20	10
R50	Gas	10	20	10
R51	Gas	10	20	10
R52	Gas	10	20	10
R53	Gas	7	14	7
R54	Gas	7	14	7
R55	Gas	8	16	8
R56	Gas	8	16	8
R57	Gas	8	16	8
R58	Gas	9	18	9
R59	Gas	10	20	10
R60	Gas	7	14	7
R61	Gas	8	16	8
R62	Gas	8	16	8
R63	Gas	10	20	10
R64	Gas	8	16	8
R65	Gas	9	18	9
R66	Gas	9	18	9
R67	Gas	10	20	10
R68	Gas	8	16	8
R69	Gas	8	16	8
R70	Gas	9	18	9
R71	Gas	9	18	9
R72	Gas	9	18	9
R73	Gas	9	18	9
R74	Gas	10	20	10
R75	Gas	10	20	10
R76	Gas	9	18	9
R77	Gas	9	18	9
R78	Gas	10	20	10
R79	Gas	10	20	10
R80	Gas	10	20	10
R81	Gas	9	18	9
R82	Gas	10	20	10
R83	Gas	10	20	10
R84	Gas	10	20	10
R85	Gas	10	20	10
R86	Gas	6	12	6
R87	Gas	7	14	7
R88	Gas	7	14	7
R89	Gas	7	14	7
R90	Gas	8	16	8
R91	Gas	8	16	8
R92	Gas	6	12	6
R93	Gas	7	14	7
R94	Gas	7	14	7
R95	Gas	8	16	8
R96	Gas	8	16	8
R97	Gas	9	18	9
R98	Gas	9	18	9
R99	Gas	9	18	9
R100	Gas	9	18	9
R101	Gas	10	20	10
R102	Gas	10	20	10
R103	Gas	10	20	10
R104	Gas	10	20	10
R105	Gas	8	16	8
R106	Gas	8	16	8
R107	Gas	9	18	9
R108	Gas	9	18	9
R109	Gas	7	14	7
R110	Gas	7	14	7
R111	Gas	8	16	8
R112	Gas	9	18	9
R113	Gas	9	18	9
R114	Gas	10	20	10
R115	Gas	10	20	10
R116	Gas	10	20	10
R117	Gas	7	14	7
R118	Gas	7	14	7
R119	Gas	7	14	7
R120	Gas	7	14	7
R121	Gas	8	16	8
R122	Gas	8	16	8
R123	Gas	8	16	8
R124	Gas	8	16	8
R125	Gas	8	16	8
R126	Gas	9	18	9
R127	Gas	10	20	10
R128	Gas	10	20	10
R129	Gas	10	20	10
R130	Gas	8	16	8
R131	Gas	8	16	8
R132	Gas	8	16	8
R133	Gas	8	16	8
R134	Gas	9	18	9
R135	Gas	9	18	9
R136	Gas	9	18	9
R137	Gas	9	18	9
R138	Gas	9	18	9
R139	Gas	10	20	10
R140	Gas	9	18	9
R141	Gas	9	18	9
R142	Gas	9	18	9
R143	Gas	9	18	9
R144	Gas	10	20	10
R145	Gas	10	20	10
R146	Gas	10	20	10
R147	Gas	10	20	10
R148	Gas	10	20	10
R149	Gas	9	18	9
R150	Gas	9	18	9
R151	Gas	9	18	9
R152	Gas	10	20	10
R153	Gas	10	20	10
R154	Gas	10	20	10
R155	Gas	10	20	10
R156	Gas	10	20	10
R157	Gas	10	20	10
R158	Gas	10	20	10
R159	Gas	10	20	10
R160	Gas	10	20	10
R161	Gas	10	20	10
R162	Gas	10	20	10
R163	Gas	8	16	8
R164	Gas	8	16	8
R165	Gas	8	16	8
R166	Gas	9	18	9
R167	Gas	9	18	9
R168	Gas	9	18	9
R169	Gas	9	18	9
R170	Gas	9	18	9
R171	Gas	9	18	9
R172	Gas	9	18	9
R173	Gas	10	20	10
R174	Gas	10	20	10
R175	Gas	10	20	10
R176	Gas	10	20	10
R177	Gas	8	16	8
R178	Gas	8	16	8
R179	Gas	9	18	9
R180	Gas	10	20	10
R181	Gas	10	20	10
R182	Gas	8	16	8
R183	Gas	8	16	8
R184	Gas	9	18	9
R185	Gas	9	18	9
R186	Gas	9	18	9
R187	Gas	9	18	9
R188	Gas	10	20	10
R189	Gas	9	18	9
R190	Gas	9	18	9
R191	Gas	9	18	9
R192	Gas	9	18	9
R193	Gas	10	20	10
R194	Gas	10	20	10
R195	Gas	10	20	10
R196	Gas	10	20	10
R197	Gas	10	20	10
R198	Gas	10	20	10
R199	Gas	10	20	10
R200	Gas	10	20	10
R201	Gas	10	20	10
R202	Gas	10	20	10
R203	Gas	10	20	10
R204	Gas	10	20	10
R205	Gas	9	18	9
R206	Gas	9	18	9
R207	Gas	9	18	9
R208	Gas	10	20	10
R209	Gas	10	20	10
R210	Gas	10	20	10
R211	Gas	10	20	10
R212	Gas	10	20	10
R213	Gas	10	20	10
R214	Gas	10	20	10
R215	Gas	9	18	9
R216	Gas	9	18	9
R217	Gas	10	20	10
R218	Gas	9	18	9
R219	Gas	9	18	9
R220	Gas	10	20	10
R221	Gas	10	20	10
R222	Gas	10	20	10
R223	Gas	10	20	10
R224	Gas	10	20	10
R225	Gas	10	20	10
R226	Gas	10	20	10
R227	Gas	10	20	10
R228	Gas	10	20	10
R229	Gas	10	20	10
R230	Gas	9	18	9
R231	Gas	10	20	10
R232	Gas	10	20	10
R233	Gas	10	20	10
R234	Gas	10	20	10
R235	Gas	10	20	10
R236	Gas	10	20	10
R237	Gas	10	20	10
R238	Gas	10	20	10
R239	Gas	10	20	10
R240	Gas	10	20	10
R241	Gas	8	16	8
R242	Gas	8	16	8
R243	Gas	9	18	9
R244	Gas	10	20	10
R245	Gas	10	20	10
R246	Gas	8	16	8
R247	Gas	8	16	8
R248	Gas	8	16	8
R249	Gas	9	18	9
R250	Gas	9	18	9
R251	Gas	9	18	9
R252	Gas	9	18	9
R253	Gas	9	18	9
R254	Gas	10	20	10
R255	Gas	9	18	9
R256	Gas	9	18	9
R257	Gas	10	20	10
R258	Gas	10	20	10
R259	Gas	10	20	10
R260	Gas	10	20	10
R261	Gas	10	20	10
R262	Gas	10	20	10
R263	Gas	10	20	10
R264	Gas	9	18	9
R265	Gas	9	18	9
R266	Gas	9	18	9
R267	Gas	10	20	10
R268	Gas	10	20	10
R269	Gas	10	20	10
R270	Gas	10	20	10
R271	Gas	10	20	10
R272	Gas	10	20	10
R273	Gas	10	20	10
R274	Gas	9	18	9
R275	Gas	9	18	9
R276	Gas	9	18	9
R277	Gas	9	18	9
R278	Gas	10	20	10
R279	Gas	10	20	10
R280	Gas	9	18	9
R281	Gas	9	18	9
R282	Gas	9	18	9
R283	Gas	9	18	9
R284	Gas	10	20	10
R285	Gas	10	20	10
R286	Gas	10	20	10
R287	Gas	10	20	10
R288	Gas	10	20	10
R289	Gas	10	20	10
R290	Gas	10	20	10
R291	Gas	10	20	10
R292	Gas	10	20	10
R293	Gas	10	20	10
R294	Gas	10	20	10
R295	Gas	10	20	10
R296	Gas	10	20	10
R297	Gas	10	20	10
R298	Gas	10	20	10
R299	Gas	10	20	10
R300	Gas	10	20	10
R301	Gas	10	20	10
R302	Gas	10	20	10
R303	Gas	10	20	10
R304	Gas	10	20	10
R305	Gas	10	20	10
R306	Gas	10	20	10
R307	Gas	10	20	10
R308	Gas	10	20	10
R309	Gas	10	20	10
R310	Gas	10	20	10
R311	Gas	10	20	10
R312	Gas	10	20	10
R313	Gas	10	20	10
R314	Gas	9	18	9
R315	Gas	10	20	10
R316	Gas	9	18	9
R317	Gas	10	20	10
R318	Gas	10	20	10
R319	Gas	10	20	10
R320	Gas	10	20	10
R321	Gas	10	20	10
R322	Gas	10	20	10
R323	Gas	10	20	10
R324	Gas	10	20	10
R325	Gas	10	20	10
R326	Gas	8	16	8
R327	Gas	9	18	9
R328	Gas	9	18	9
R329	Gas	10	20	10
R330	Gas	10	20	10
R331	Gas	10	20	10
R332	Gas	10	20	10
R333	Gas	9	18	9
R334	Gas	10	20	10
R335	Gas	9	18	9
R336	Gas	9	18	9
R337	Gas	9	18	9
R338	Gas	9	18	9
R339	Gas	10	20	10
R340	Gas	10	20	10
R341	Gas	10	20	10
R342	Gas	10	20	10
R343	Gas	10	20	10
R344	Gas	10	20	10
R345	Gas	10	20	10
R346	Gas	10	20	10
R347	Gas	10	20	10
R348	Gas	10	20	10
R349	Gas	10	20	10
R350	Gas	10	20	10
R351	Gas	10	20	10
R352	Gas	10	20	10
R353	Gas	10	20	10
R354	Gas	10	20	10
R355	Gas	10	20	10
R356	Gas	10	20	10
R357	Gas	10	20	10
R358	Gas	10	20	10
R359	Gas	10	20	10
R360	Gas	10	20	10
R361	Gas	10	20	10
R362	Gas	9	18	9
R363	Gas	10	20	10
R364	Gas	10	20	10
R365	Gas	10	20	10
R366	Gas	10	20	10
R367	Gas	10	20	10
R368	Gas	10	20	10
R369	Gas	10	20	10
R370	Gas	9	18	9
R371	Gas	10	20	10
R372	Gas	10	20	10
R373	Gas	10	20	10
R374	Gas	10	20	10
R375	Gas	10	20	10
R376	Gas	10	20	10
R377	Gas	10	20	10
R378	Gas	10	20	10
R379	Gas	10	20	10