Species_name	Phase	C	H	O
R0	Liquid	1	2	1
R1	Liquid	2	4	2
R2	Liquid	3	6	3
R3	Liquid	4	8	4
R4	Liquid	4	8	4
R5	Liquid	5	10	5
R6	Liquid	5	10	5
R7	Liquid	6	12	6
R8	Liquid	6	12	6
R9	Liquid	6	12	6
R10	Liquid	7	14	7
R11	Liquid	7	14	7
R12	Liquid	8	16	8
R13	Liquid	3	6	3
R14	Liquid	4	8	4
R15	Liquid	5	10	5
R16	Liquid	5	10	5
R17	Liquid	6	12	6
R18	Liquid	7	14	7
R19	Liquid	7	14	7
R20	Liquid	8	16	8
R21	Liquid	8	16	8
R22	Liquid	8	16	8
R23	Liquid	9	18	9
R24	Liquid	9	18	9
R25	Liquid	10	20	10
R26	Liquid	5	10	5
R27	Liquid	5	10	5
R28	Liquid	6	12	6
R29	Liquid	6	12	6
R30	Liquid	6	12	6
R31	Liquid	7	14	7
R32	Liquid	8	16	8
R33	Liquid	8	16	8
R34	Liquid	8	16	8
R35	Liquid	9	18	9
R36	Liquid	9	18	9
R37	Liquid	9	18	9
R38	Liquid	9	18	9
R39	Liquid	10	20	10
R40	Liquid	10	20	10
R41	Liquid	6	12	6
R42	Liquid	6	12	6
R43	Liquid	7	14	7
R44	Liquid	7	14	7
R45	Liquid	7	14	7
R46	Liquid	8	16	8
R47	Liquid	9	18	9
R48	Liquid	9	18	9
R49	Liquid	10	20	10
R50	Liquid	10	20	10
R51	Liquid	10	20	10
R52	Liquid	10	20	10
R53	Liquid	7	14	7
R54	Liquid	7	14	7
R55	Liquid	8	16	8
R56	Liquid	8	16	8
R57	Liquid	8	16	8
R58	Liquid	9	18	9
R59	Liquid	10	20	10
R60	Liquid	7	14	7
R61	Liquid	8	16	8
R62	Liquid	8	16	8
R63	Liquid	10	20	10
R64	Liquid	8	16	8
R65	Liquid	9	18	9
R66	Liquid	9	18	9
R67	Liquid	10	20	10
R68	Liquid	8	16	8
R69	Liquid	8	16	8
R70	Liquid	9	18	9
R71	Liquid	9	18	9
R72	Liquid	9	18	9
R73	Liquid	9	18	9
R74	Liquid	10	20	10
R75	Liquid	10	20	10
R76	Liquid	9	18	9
R77	Liquid	9	18	9
R78	Liquid	10	20	10
R79	Liquid	10	20	10
R80	Liquid	10	20	10
R81	Liquid	9	18	9
R82	Liquid	10	20	10
R83	Liquid	10	20	10
R84	Liquid	10	20	10
R85	Liquid	10	20	10
R86	Liquid	6	12	6
R87	Liquid	7	14	7
R88	Liquid	7	14	7
R89	Liquid	7	14	7
R90	Liquid	8	16	8
R91	Liquid	8	16	8
R92	Liquid	6	12	6
R93	Liquid	7	14	7
R94	Liquid	7	14	7
R95	Liquid	8	16	8
R96	Liquid	8	16	8
R97	Liquid	9	18	9
R98	Liquid	9	18	9
R99	Liquid	9	18	9
R100	Liquid	9	18	9
R101	Liquid	10	20	10
R102	Liquid	10	20	10
R103	Liquid	10	20	10
R104	Liquid	10	20	10
R105	Liquid	8	16	8
R106	Liquid	8	16	8
R107	Liquid	9	18	9
R108	Liquid	9	18	9
R109	Liquid	7	14	7
R110	Liquid	7	14	7
R111	Liquid	8	16	8
R112	Liquid	9	18	9
R113	Liquid	9	18	9
R114	Liquid	10	20	10
R115	Liquid	10	20	10
R116	Liquid	10	20	10
R117	Liquid	7	14	7
R118	Liquid	7	14	7
R119	Liquid	7	14	7
R120	Liquid	7	14	7
R121	Liquid	8	16	8
R122	Liquid	8	16	8
R123	Liquid	8	16	8
R124	Liquid	8	16	8
R125	Liquid	8	16	8
R126	Liquid	9	18	9
R127	Liquid	10	20	10
R128	Liquid	10	20	10
R129	Liquid	10	20	10
R130	Liquid	8	16	8
R131	Liquid	8	16	8
R132	Liquid	8	16	8
R133	Liquid	8	16	8
R134	Liquid	9	18	9
R135	Liquid	9	18	9
R136	Liquid	9	18	9
R137	Liquid	9	18	9
R138	Liquid	9	18	9
R139	Liquid	10	20	10
R140	Liquid	9	18	9
R141	Liquid	9	18	9
R142	Liquid	9	18	9
R143	Liquid	9	18	9
R144	Liquid	10	20	10
R145	Liquid	10	20	10
R146	Liquid	10	20	10
R147	Liquid	10	20	10
R148	Liquid	10	20	10
R149	Liquid	9	18	9
R150	Liquid	9	18	9
R151	Liquid	9	18	9
R152	Liquid	10	20	10
R153	Liquid	10	20	10
R154	Liquid	10	20	10
R155	Liquid	10	20	10
R156	Liquid	10	20	10
R157	Liquid	10	20	10
R158	Liquid	10	20	10
R159	Liquid	10	20	10
R160	Liquid	10	20	10
R161	Liquid	10	20	10
R162	Liquid	10	20	10
R163	Liquid	8	16	8
R164	Liquid	8	16	8
R165	Liquid	8	16	8
R166	Liquid	9	18	9
R167	Liquid	9	18	9
R168	Liquid	9	18	9
R169	Liquid	9	18	9
R170	Liquid	9	18	9
R171	Liquid	9	18	9
R172	Liquid	9	18	9
R173	Liquid	10	20	10
R174	Liquid	10	20	10
R175	Liquid	10	20	10
R176	Liquid	10	20	10
R177	Liquid	8	16	8
R178	Liquid	8	16	8
R179	Liquid	9	18	9
R180	Liquid	10	20	10
R181	Liquid	10	20	10
R182	Liquid	8	16	8
R183	Liquid	8	16	8
R184	Liquid	9	18	9
R185	Liquid	9	18	9
R186	Liquid	9	18	9
R187	Liquid	9	18	9
R188	Liquid	10	20	10
R189	Liquid	9	18	9
R190	Liquid	9	18	9
R191	Liquid	9	18	9
R192	Liquid	9	18	9
R193	Liquid	10	20	10
R194	Liquid	10	20	10
R195	Liquid	10	20	10
R196	Liquid	10	20	10
R197	Liquid	10	20	10
R198	Liquid	10	20	10
R199	Liquid	10	20	10
R200	Liquid	10	20	10
R201	Liquid	10	20	10
R202	Liquid	10	20	10
R203	Liquid	10	20	10
R204	Liquid	10	20	10
R205	Liquid	9	18	9
R206	Liquid	9	18	9
R207	Liquid	9	18	9
R208	Liquid	10	20	10
R209	Liquid	10	20	10
R210	Liquid	10	20	10
R211	Liquid	10	20	10
R212	Liquid	10	20	10
R213	Liquid	10	20	10
R214	Liquid	10	20	10
R215	Liquid	9	18	9
R216	Liquid	9	18	9
R217	Liquid	10	20	10
R218	Liquid	9	18	9
R219	Liquid	9	18	9
R220	Liquid	10	20	10
R221	Liquid	10	20	10
R222	Liquid	10	20	10
R223	Liquid	10	20	10
R224	Liquid	10	20	10
R225	Liquid	10	20	10
R226	Liquid	10	20	10
R227	Liquid	10	20	10
R228	Liquid	10	20	10
R229	Liquid	10	20	10
R230	Liquid	9	18	9
R231	Liquid	10	20	10
R232	Liquid	10	20	10
R233	Liquid	10	20	10
R234	Liquid	10	20	10
R235	Liquid	10	20	10
R236	Liquid	10	20	10
R237	Liquid	10	20	10
R238	Liquid	10	20	10
R239	Liquid	10	20	10
R240	Liquid	10	20	10
R241	Liquid	8	16	8
R242	Liquid	8	16	8
R243	Liquid	9	18	9
R244	Liquid	10	20	10
R245	Liquid	10	20	10
R246	Liquid	8	16	8
R247	Liquid	8	16	8
R248	Liquid	8	16	8
R249	Liquid	9	18	9
R250	Liquid	9	18	9
R251	Liquid	9	18	9
R252	Liquid	9	18	9
R253	Liquid	9	18	9
R254	Liquid	10	20	10
R255	Liquid	9	18	9
R256	Liquid	9	18	9
R257	Liquid	10	20	10
R258	Liquid	10	20	10
R259	Liquid	10	20	10
R260	Liquid	10	20	10
R261	Liquid	10	20	10
R262	Liquid	10	20	10
R263	Liquid	10	20	10
R264	Liquid	9	18	9
R265	Liquid	9	18	9
R266	Liquid	9	18	9
R267	Liquid	10	20	10
R268	Liquid	10	20	10
R269	Liquid	10	20	10
R270	Liquid	10	20	10
R271	Liquid	10	20	10
R272	Liquid	10	20	10
R273	Liquid	10	20	10
R274	Liquid	9	18	9
R275	Liquid	9	18	9
R276	Liquid	9	18	9
R277	Liquid	9	18	9
R278	Liquid	10	20	10
R279	Liquid	10	20	10
R280	Liquid	9	18	9
R281	Liquid	9	18	9
R282	Liquid	9	18	9
R283	Liquid	9	18	9
R284	Liquid	10	20	10
R285	Liquid	10	20	10
R286	Liquid	10	20	10
R287	Liquid	10	20	10
R288	Liquid	10	20	10
R289	Liquid	10	20	10
R290	Liquid	10	20	10
R291	Liquid	10	20	10
R292	Liquid	10	20	10
R293	Liquid	10	20	10
R294	Liquid	10	20	10
R295	Liquid	10	20	10
R296	Liquid	10	20	10
R297	Liquid	10	20	10
R298	Liquid	10	20	10
R299	Liquid	10	20	10
R300	Liquid	10	20	10
R301	Liquid	10	20	10
R302	Liquid	10	20	10
R303	Liquid	10	20	10
R304	Liquid	10	20	10
R305	Liquid	10	20	10
R306	Liquid	10	20	10
R307	Liquid	10	20	10
R308	Liquid	10	20	10
R309	Liquid	10	20	10
R310	Liquid	10	20	10
R311	Liquid	10	20	10
R312	Liquid	10	20	10
R313	Liquid	10	20	10
R314	Liquid	9	18	9
R315	Liquid	10	20	10
R316	Liquid	9	18	9
R317	Liquid	10	20	10
R318	Liquid	10	20	10
R319	Liquid	10	20	10
R320	Liquid	10	20	10
R321	Liquid	10	20	10
R322	Liquid	10	20	10
R323	Liquid	10	20	10
R324	Liquid	10	20	10
R325	Liquid	10	20	10
R326	Liquid	8	16	8
R327	Liquid	9	18	9
R328	Liquid	9	18	9
R329	Liquid	10	20	10
R330	Liquid	10	20	10
R331	Liquid	10	20	10
R332	Liquid	10	20	10
R333	Liquid	9	18	9
R334	Liquid	10	20	10
R335	Liquid	9	18	9
R336	Liquid	9	18	9
R337	Liquid	9	18	9
R338	Liquid	9	18	9
R339	Liquid	10	20	10
R340	Liquid	10	20	10
R341	Liquid	10	20	10
R342	Liquid	10	20	10
R343	Liquid	10	20	10
R344	Liquid	10	20	10
R345	Liquid	10	20	10
R346	Liquid	10	20	10
R347	Liquid	10	20	10
R348	Liquid	10	20	10
R349	Liquid	10	20	10
R350	Liquid	10	20	10
R351	Liquid	10	20	10
R352	Liquid	10	20	10
R353	Liquid	10	20	10
R354	Liquid	10	20	10
R355	Liquid	10	20	10
R356	Liquid	10	20	10
R357	Liquid	10	20	10
R358	Liquid	10	20	10
R359	Liquid	10	20	10
R360	Liquid	10	20	10
R361	Liquid	10	20	10
R362	Liquid	9	18	9
R363	Liquid	10	20	10
R364	Liquid	10	20	10
R365	Liquid	10	20	10
R366	Liquid	10	20	10
R367	Liquid	10	20	10
R368	Liquid	10	20	10
R369	Liquid	10	20	10
R370	Liquid	9	18	9
R371	Liquid	10	20	10
R372	Liquid	10	20	10
R373	Liquid	10	20	10
R374	Liquid	10	20	10
R375	Liquid	10	20	10
R376	Liquid	10	20	10
R377	Liquid	10	20	10
R378	Liquid	10	20	10
R379	Liquid	10	20	10
R380	Liquid	7	14	7
R381	Liquid	8	16	8
R382	Liquid	9	18	9
R383	Liquid	10	20	10
R384	Liquid	10	20	10
R385	Liquid	9	18	9
R386	Liquid	10	20	10
R387	Liquid	9	18	9
R388	Liquid	9	18	9
R389	Liquid	10	20	10
R390	Liquid	10	20	10
R391	Liquid	10	20	10
R392	Liquid	10	20	10
R393	Liquid	10	20	10
R394	Liquid	9	18	9
R395	Liquid	10	20	10
R396	Liquid	10	20	10
R397	Liquid	10	20	10